<?xml version="1.0" encoding="UTF-8" ?>
<testsuite errors="0" failures="0" hostname="DESKTOP-H9T0FFM" name="com.aritra.sample.test.AdderTest" skipped="0" tests="2" time="0.062" timestamp="2018-01-28T16:52:21">
  <properties>
    <property name="java.vendor" value="Oracle Corporation" />
    <property name="sun.java.launcher" value="SUN_STANDARD" />
    <property name="eclipse.pdebuild.templates" value="C:\Users\aritr\.p2\pool\plugins\org.eclipse.pde.build_3.9.300.v20170515-0912\templates" />
    <property name="sun.management.compiler" value="HotSpot 64-Bit Tiered Compilers" />
    <property name="lib" value="lib" />
    <property name="os.name" value="Windows 10" />
    <property name="sun.boot.class.path" value="C:\Program Files\Java\jre1.8.0_161\lib\resources.jar;C:\Program Files\Java\jre1.8.0_161\lib\rt.jar;C:\Program Files\Java\jre1.8.0_161\lib\sunrsasign.jar;C:\Program Files\Java\jre1.8.0_161\lib\jsse.jar;C:\Program Files\Java\jre1.8.0_161\lib\jce.jar;C:\Program Files\Java\jre1.8.0_161\lib\charsets.jar;C:\Program Files\Java\jre1.8.0_161\lib\jfr.jar;C:\Program Files\Java\jre1.8.0_161\classes" />
    <property name="sun.desktop" value="windows" />
    <property name="java.vm.specification.vendor" value="Oracle Corporation" />
    <property name="ant.home" value="C:\Users\aritr\.p2\pool\plugins\org.apache.ant_1.10.1.v20170504-0840" />
    <property name="java.runtime.version" value="1.8.0_161-b12" />
    <property name="user.name" value="aritr" />
    <property name="build.dir" value="build" />
    <property name="user.language" value="en" />
    <property name="sun.boot.library.path" value="C:\Program Files\Java\jre1.8.0_161\bin" />
    <property name="reports.dir" value="reports" />
    <property name="ant.project.default-target" value="test" />
    <property name="ant.project.name" value="Junit Example" />
    <property name="java.version" value="1.8.0_161" />
    <property name="user.timezone" value="" />
    <property name="sun.arch.data.model" value="64" />
    <property name="java.endorsed.dirs" value="C:\Program Files\Java\jre1.8.0_161\lib\endorsed" />
    <property name="sun.cpu.isalist" value="amd64" />
    <property name="sun.jnu.encoding" value="Cp1252" />
    <property name="file.encoding.pkg" value="sun.io" />
    <property name="file.separator" value="\" />
    <property name="ant.file.Junit Example" value="D:\github\UsingAnt\JunitIntegration\junit.xml" />
    <property name="java.specification.name" value="Java Platform API Specification" />
    <property name="java.class.version" value="52.0" />
    <property name="user.country" value="IN" />
    <property name="java.home" value="C:\Program Files\Java\jre1.8.0_161" />
    <property name="java.vm.info" value="mixed mode" />
    <property name="ant.file" value="D:\github\UsingAnt\JunitIntegration\junit.xml" />
    <property name="os.version" value="10.0" />
    <property name="path.separator" value=";" />
    <property name="java.vm.version" value="25.161-b12" />
    <property name="user.variant" value="" />
    <property name="ant.library.dir" value="C:\Users\aritr\.p2\pool\plugins\org.apache.ant_1.10.1.v20170504-0840\lib" />
    <property name="java.awt.printerjob" value="sun.awt.windows.WPrinterJob" />
    <property name="sun.io.unicode.encoding" value="UnicodeLittle" />
    <property name="awt.toolkit" value="sun.awt.windows.WToolkit" />
    <property name="ant.file.type.Junit Example" value="file" />
    <property name="user.script" value="" />
    <property name="eclipse.pdebuild.scripts" value="C:\Users\aritr\.p2\pool\plugins\org.eclipse.pde.build_3.9.300.v20170515-0912\scripts" />
    <property name="user.home" value="C:\Users\aritr" />
    <property name="java.specification.vendor" value="Oracle Corporation" />
    <property name="java.library.path" value="D:\Eclipse-Oxygen\eclipse;C:\WINDOWS\Sun\Java\bin;C:\WINDOWS\system32;C:\WINDOWS;C:/Program Files/Java/jre1.8.0_161/bin/server;C:/Program Files/Java/jre1.8.0_161/bin;C:/Program Files/Java/jre1.8.0_161/lib/amd64;C:\ProgramData\Oracle\Java\javapath;C:\WINDOWS\system32;C:\WINDOWS;C:\WINDOWS\System32\Wbem;C:\WINDOWS\System32\WindowsPowerShell\v1.0\;C:\Program Files\nodejs\;C:\apache-ant-1.10.1\bin;C:\Ruby24-x64\bin;C:\Users\aritr\AppData\Local\Microsoft\WindowsApps;C:\Program Files (x86)\Microsoft VS Code\bin;C:\Users\aritr\AppData\Roaming\npm;D:\rubygems-2.7.3\bin;C:\WINDOWS\System32;;.;D:\Eclipse-Oxygen\eclipse\configuration\org.eclipse.osgi\1551\0\.cp" />
    <property name="java.vendor.url" value="http://java.oracle.com/" />
    <property name="java.vm.vendor" value="Oracle Corporation" />
    <property name="java.runtime.name" value="Java(TM) SE Runtime Environment" />
    <property name="sun.java.command" value="org.eclipse.ant.internal.launching.remote.InternalAntRunner -Dorg.eclipse.ant.core.ANT_PROCESS_ID=1517158338669 -Declipse.connect.port=52582 -Declipse.pdebuild.home=C:\Users\aritr\.p2\pool\plugins\org.eclipse.pde.build_3.9.300.v20170515-0912\. -Declipse.pdebuild.scripts=C:\Users\aritr\.p2\pool\plugins\org.eclipse.pde.build_3.9.300.v20170515-0912\scripts -Declipse.pdebuild.templates=C:\Users\aritr\.p2\pool\plugins\org.eclipse.pde.build_3.9.300.v20170515-0912\templates -Dant.home=C:\Users\aritr\.p2\pool\plugins\org.apache.ant_1.10.1.v20170504-0840 -logger org.eclipse.ant.internal.launching.remote.logger.RemoteAntBuildLogger -inputhandler org.eclipse.ant.internal.ui.antsupport.inputhandler.ProxyInputHandler -buildfile D:\github\UsingAnt\JunitIntegration\junit.xml" />
    <property name="java.class.path" value="C:\Program Files\Java\jre1.8.0_161\lib\resources.jar;C:\Program Files\Java\jre1.8.0_161\lib\rt.jar;C:\Program Files\Java\jre1.8.0_161\lib\jsse.jar;C:\Program Files\Java\jre1.8.0_161\lib\jce.jar;C:\Program Files\Java\jre1.8.0_161\lib\charsets.jar;C:\Program Files\Java\jre1.8.0_161\lib\jfr.jar;C:\Program Files\Java\jre1.8.0_161\lib\ext\access-bridge-64.jar;C:\Program Files\Java\jre1.8.0_161\lib\ext\cldrdata.jar;C:\Program Files\Java\jre1.8.0_161\lib\ext\dnsns.jar;C:\Program Files\Java\jre1.8.0_161\lib\ext\jaccess.jar;C:\Program Files\Java\jre1.8.0_161\lib\ext\jfxrt.jar;C:\Program Files\Java\jre1.8.0_161\lib\ext\localedata.jar;C:\Program Files\Java\jre1.8.0_161\lib\ext\nashorn.jar;C:\Program Files\Java\jre1.8.0_161\lib\ext\sunec.jar;C:\Program Files\Java\jre1.8.0_161\lib\ext\sunjce_provider.jar;C:\Program Files\Java\jre1.8.0_161\lib\ext\sunmscapi.jar;C:\Program Files\Java\jre1.8.0_161\lib\ext\sunpkcs11.jar;C:\Program Files\Java\jre1.8.0_161\lib\ext\zipfs.jar;C:\Users\aritr\.p2\pool\plugins\org.apache.ant_1.10.1.v20170504-0840\lib\ant-antlr.jar;C:\Users\aritr\.p2\pool\plugins\org.apache.ant_1.10.1.v20170504-0840\lib\ant-apache-bcel.jar;C:\Users\aritr\.p2\pool\plugins\org.apache.ant_1.10.1.v20170504-0840\lib\ant-apache-bsf.jar;C:\Users\aritr\.p2\pool\plugins\org.apache.ant_1.10.1.v20170504-0840\lib\ant-apache-log4j.jar;C:\Users\aritr\.p2\pool\plugins\org.apache.ant_1.10.1.v20170504-0840\lib\ant-apache-oro.jar;C:\Users\aritr\.p2\pool\plugins\org.apache.ant_1.10.1.v20170504-0840\lib\ant-apache-regexp.jar;C:\Users\aritr\.p2\pool\plugins\org.apache.ant_1.10.1.v20170504-0840\lib\ant-apache-resolver.jar;C:\Users\aritr\.p2\pool\plugins\org.apache.ant_1.10.1.v20170504-0840\lib\ant-apache-xalan2.jar;C:\Users\aritr\.p2\pool\plugins\org.apache.ant_1.10.1.v20170504-0840\lib\ant-commons-logging.jar;C:\Users\aritr\.p2\pool\plugins\org.apache.ant_1.10.1.v20170504-0840\lib\ant-commons-net.jar;C:\Users\aritr\.p2\pool\plugins\org.apache.ant_1.10.1.v20170504-0840\lib\ant-jai.jar;C:\Users\aritr\.p2\pool\plugins\org.apache.ant_1.10.1.v20170504-0840\lib\ant-javamail.jar;C:\Users\aritr\.p2\pool\plugins\org.apache.ant_1.10.1.v20170504-0840\lib\ant-jdepend.jar;C:\Users\aritr\.p2\pool\plugins\org.apache.ant_1.10.1.v20170504-0840\lib\ant-jmf.jar;C:\Users\aritr\.p2\pool\plugins\org.apache.ant_1.10.1.v20170504-0840\lib\ant-jsch.jar;C:\Users\aritr\.p2\pool\plugins\org.apache.ant_1.10.1.v20170504-0840\lib\ant-junit.jar;C:\Users\aritr\.p2\pool\plugins\org.apache.ant_1.10.1.v20170504-0840\lib\ant-junit4.jar;C:\Users\aritr\.p2\pool\plugins\org.apache.ant_1.10.1.v20170504-0840\lib\ant-launcher.jar;C:\Users\aritr\.p2\pool\plugins\org.apache.ant_1.10.1.v20170504-0840\lib\ant-netrexx.jar;C:\Users\aritr\.p2\pool\plugins\org.apache.ant_1.10.1.v20170504-0840\lib\ant-swing.jar;C:\Users\aritr\.p2\pool\plugins\org.apache.ant_1.10.1.v20170504-0840\lib\ant-testutil.jar;C:\Users\aritr\.p2\pool\plugins\org.apache.ant_1.10.1.v20170504-0840\lib\ant.jar;D:\Eclipse-Oxygen\eclipse\configuration\org.eclipse.osgi\71\0\.cp\lib\remoteAnt.jar;D:\Eclipse-Oxygen\eclipse\configuration\org.eclipse.osgi\1168\0\.cp\lib\antdebug.jar;D:\Eclipse-Oxygen\eclipse\configuration\org.eclipse.osgi\1168\0\.cp\lib\remote.jar;C:\Program Files\Java\jre1.8.0_161\lib\tools.jar;C:\Users\aritr\.p2\pool\plugins\org.eclipse.swt.win32.win32.x86_64_3.106.2.v20171129-0543.jar" />
    <property name="ant.version" value="Apache Ant(TM) version 1.10.1 compiled on February 2 2017" />
    <property name="java.vm.specification.name" value="Java Virtual Machine Specification" />
    <property name="java.vm.specification.version" value="1.8" />
    <property name="sun.cpu.endian" value="little" />
    <property name="sun.os.patch.level" value="" />
    <property name="eclipse.pdebuild.home" value="C:\Users\aritr\.p2\pool\plugins\org.eclipse.pde.build_3.9.300.v20170515-0912\." />
    <property name="java.io.tmpdir" value="C:\Users\aritr\AppData\Local\Temp\" />
    <property name="java.vendor.url.bug" value="http://bugreport.sun.com/bugreport/" />
    <property name="os.arch" value="amd64" />
    <property name="java.awt.graphicsenv" value="sun.awt.Win32GraphicsEnvironment" />
    <property name="java.ext.dirs" value="C:\Program Files\Java\jre1.8.0_161\lib\ext;C:\WINDOWS\Sun\Java\lib\ext" />
    <property name="user.dir" value="D:\github\UsingAnt\JunitIntegration" />
    <property name="line.separator" value="&#xd;&#xa;" />
    <property name="java.vm.name" value="Java HotSpot(TM) 64-Bit Server VM" />
    <property name="basedir" value="D:\github\UsingAnt\JunitIntegration" />
    <property name="ant.java.version" value="1.8" />
    <property name="ant.core.lib" value="C:\Users\aritr\.p2\pool\plugins\org.apache.ant_1.10.1.v20170504-0840\lib\ant.jar" />
    <property name="file.encoding" value="UTF-8" />
    <property name="java.specification.version" value="1.8" />
    <property name="src.dir" value="src" />
    <property name="ant.project.invoked-targets" value="test" />
  </properties>
  <testcase classname="com.aritra.sample.test.AdderTest" name="additionOfTwoIntegers" time="0.0" />
  <testcase classname="com.aritra.sample.test.AdderTest" name="additionOfTwoStrings" time="0.0" />
  <system-out><![CDATA[]]></system-out>
  <system-err><![CDATA[]]></system-err>
</testsuite>
